1688759315.860655 client started (2991): version 3.2a, socket /tmp/tmux-1000/default, protocol 8
1688759315.860678 on Linux 5.15.90.1-microsoft-standard-WSL2 #1 SMP Fri Jan 27 02:56:13 UTC 2023
1688759315.860709 using libevent 2.1.12-stable (poll); ncurses 6.3
1688759315.860725 flags are 0x10010000
1688759315.860728 socket is /tmp/tmux-1000/default
1688759315.860737 trying connect
1688759315.860823 add peer 0x5634c7bf2610: 6 ((nil))
1688759315.861106 sending message 100 to peer 0x5634c7bf2610 (4 bytes)
1688759315.861113 sending message 111 to peer 0x5634c7bf2610 (8 bytes)
1688759315.861117 sending message 101 to peer 0x5634c7bf2610 (14 bytes)
1688759315.861120 sending message 109 to peer 0x5634c7bf2610 (4 bytes)
1688759315.861124 sending message 102 to peer 0x5634c7bf2610 (11 bytes)
1688759315.861127 sending message 108 to peer 0x5634c7bf2610 (26 bytes)
1688759315.861131 sending message 112 to peer 0x5634c7bf2610 (70 bytes)
1688759315.861134 sending message 112 to peer 0x5634c7bf2610 (5 bytes)
1688759315.861138 sending message 112 to peer 0x5634c7bf2610 (5 bytes)
1688759315.861141 sending message 112 to peer 0x5634c7bf2610 (6 bytes)
1688759315.861144 sending message 112 to peer 0x5634c7bf2610 (6 bytes)
1688759315.861147 sending message 112 to peer 0x5634c7bf2610 (11 bytes)
1688759315.861150 sending message 112 to peer 0x5634c7bf2610 (10 bytes)
1688759315.861153 sending message 112 to peer 0x5634c7bf2610 (13 bytes)
1688759315.861156 sending message 112 to peer 0x5634c7bf2610 (13 bytes)
1688759315.861159 sending message 112 to peer 0x5634c7bf2610 (18 bytes)
1688759315.861162 sending message 112 to peer 0x5634c7bf2610 (11 bytes)
1688759315.861165 sending message 112 to peer 0x5634c7bf2610 (10 bytes)
1688759315.861168 sending message 112 to peer 0x5634c7bf2610 (15 bytes)
1688759315.861172 sending message 112 to peer 0x5634c7bf2610 (21 bytes)
1688759315.861175 sending message 112 to peer 0x5634c7bf2610 (13 bytes)
1688759315.861178 sending message 112 to peer 0x5634c7bf2610 (7 bytes)
1688759315.861181 sending message 112 to peer 0x5634c7bf2610 (13 bytes)
1688759315.861184 sending message 112 to peer 0x5634c7bf2610 (7 bytes)
1688759315.861187 sending message 112 to peer 0x5634c7bf2610 (13 bytes)
1688759315.861190 sending message 112 to peer 0x5634c7bf2610 (9 bytes)
1688759315.861192 sending message 112 to peer 0x5634c7bf2610 (21 bytes)
1688759315.861195 sending message 112 to peer 0x5634c7bf2610 (13 bytes)
1688759315.861198 sending message 112 to peer 0x5634c7bf2610 (8 bytes)
1688759315.861201 sending message 112 to peer 0x5634c7bf2610 (12 bytes)
1688759315.861204 sending message 112 to peer 0x5634c7bf2610 (13 bytes)
1688759315.861207 sending message 112 to peer 0x5634c7bf2610 (9 bytes)
1688759315.861210 sending message 112 to peer 0x5634c7bf2610 (9 bytes)
1688759315.861213 sending message 112 to peer 0x5634c7bf2610 (12 bytes)
1688759315.861216 sending message 112 to peer 0x5634c7bf2610 (8 bytes)
1688759315.861219 sending message 112 to peer 0x5634c7bf2610 (8 bytes)
1688759315.861222 sending message 112 to peer 0x5634c7bf2610 (7 bytes)
1688759315.861225 sending message 112 to peer 0x5634c7bf2610 (7 bytes)
1688759315.861228 sending message 112 to peer 0x5634c7bf2610 (9 bytes)
1688759315.861231 sending message 112 to peer 0x5634c7bf2610 (13 bytes)
1688759315.861234 sending message 112 to peer 0x5634c7bf2610 (6 bytes)
1688759315.861237 sending message 112 to peer 0x5634c7bf2610 (9 bytes)
1688759315.861240 sending message 112 to peer 0x5634c7bf2610 (15 bytes)
1688759315.861243 sending message 112 to peer 0x5634c7bf2610 (13 bytes)
1688759315.861246 sending message 112 to peer 0x5634c7bf2610 (12 bytes)
1688759315.861248 sending message 112 to peer 0x5634c7bf2610 (8 bytes)
1688759315.861251 sending message 112 to peer 0x5634c7bf2610 (14 bytes)
1688759315.861254 sending message 112 to peer 0x5634c7bf2610 (11 bytes)
1688759315.861257 sending message 112 to peer 0x5634c7bf2610 (9 bytes)
1688759315.861260 sending message 112 to peer 0x5634c7bf2610 (10 bytes)
1688759315.861263 sending message 112 to peer 0x5634c7bf2610 (10 bytes)
1688759315.861266 sending message 112 to peer 0x5634c7bf2610 (10 bytes)
1688759315.861276 sending message 112 to peer 0x5634c7bf2610 (10 bytes)
1688759315.861279 sending message 112 to peer 0x5634c7bf2610 (11 bytes)
1688759315.861282 sending message 112 to peer 0x5634c7bf2610 (12 bytes)
1688759315.861284 sending message 112 to peer 0x5634c7bf2610 (12 bytes)
1688759315.861287 sending message 112 to peer 0x5634c7bf2610 (12 bytes)
1688759315.861291 sending message 112 to peer 0x5634c7bf2610 (12 bytes)
1688759315.861294 sending message 112 to peer 0x5634c7bf2610 (12 bytes)
1688759315.861297 sending message 112 to peer 0x5634c7bf2610 (11 bytes)
1688759315.861299 sending message 112 to peer 0x5634c7bf2610 (11 bytes)
1688759315.861302 sending message 112 to peer 0x5634c7bf2610 (12 bytes)
1688759315.861305 sending message 112 to peer 0x5634c7bf2610 (12 bytes)
1688759315.861308 sending message 112 to peer 0x5634c7bf2610 (12 bytes)
1688759315.861311 sending message 112 to peer 0x5634c7bf2610 (12 bytes)
1688759315.861314 sending message 112 to peer 0x5634c7bf2610 (12 bytes)
1688759315.861316 sending message 112 to peer 0x5634c7bf2610 (10 bytes)
1688759315.861319 sending message 112 to peer 0x5634c7bf2610 (12 bytes)
1688759315.861322 sending message 112 to peer 0x5634c7bf2610 (13 bytes)
1688759315.861325 sending message 112 to peer 0x5634c7bf2610 (13 bytes)
1688759315.861328 sending message 112 to peer 0x5634c7bf2610 (13 bytes)
1688759315.861331 sending message 112 to peer 0x5634c7bf2610 (13 bytes)
1688759315.861333 sending message 112 to peer 0x5634c7bf2610 (13 bytes)
1688759315.861336 sending message 112 to peer 0x5634c7bf2610 (8 bytes)
1688759315.861339 sending message 112 to peer 0x5634c7bf2610 (11 bytes)
1688759315.861342 sending message 112 to peer 0x5634c7bf2610 (11 bytes)
1688759315.861345 sending message 112 to peer 0x5634c7bf2610 (11 bytes)
1688759315.861348 sending message 112 to peer 0x5634c7bf2610 (12 bytes)
1688759315.861351 sending message 112 to peer 0x5634c7bf2610 (12 bytes)
1688759315.861354 sending message 112 to peer 0x5634c7bf2610 (12 bytes)
1688759315.861357 sending message 112 to peer 0x5634c7bf2610 (12 bytes)
1688759315.861360 sending message 112 to peer 0x5634c7bf2610 (13 bytes)
1688759315.861363 sending message 112 to peer 0x5634c7bf2610 (13 bytes)
1688759315.861366 sending message 112 to peer 0x5634c7bf2610 (13 bytes)
1688759315.861368 sending message 112 to peer 0x5634c7bf2610 (8 bytes)
1688759315.861371 sending message 112 to peer 0x5634c7bf2610 (13 bytes)
1688759315.861374 sending message 112 to peer 0x5634c7bf2610 (13 bytes)
1688759315.861377 sending message 112 to peer 0x5634c7bf2610 (13 bytes)
1688759315.861380 sending message 112 to peer 0x5634c7bf2610 (13 bytes)
1688759315.861383 sending message 112 to peer 0x5634c7bf2610 (13 bytes)
1688759315.861385 sending message 112 to peer 0x5634c7bf2610 (12 bytes)
1688759315.861388 sending message 112 to peer 0x5634c7bf2610 (12 bytes)
1688759315.861392 sending message 112 to peer 0x5634c7bf2610 (12 bytes)
1688759315.861395 sending message 112 to peer 0x5634c7bf2610 (12 bytes)
1688759315.861398 sending message 112 to peer 0x5634c7bf2610 (13 bytes)
1688759315.861400 sending message 112 to peer 0x5634c7bf2610 (8 bytes)
1688759315.861403 sending message 112 to peer 0x5634c7bf2610 (13 bytes)
1688759315.861406 sending message 112 to peer 0x5634c7bf2610 (13 bytes)
1688759315.861409 sending message 112 to peer 0x5634c7bf2610 (13 bytes)
1688759315.861412 sending message 112 to peer 0x5634c7bf2610 (13 bytes)
1688759315.861414 sending message 112 to peer 0x5634c7bf2610 (13 bytes)
1688759315.861417 sending message 112 to peer 0x5634c7bf2610 (13 bytes)
1688759315.861420 sending message 112 to peer 0x5634c7bf2610 (13 bytes)
1688759315.861423 sending message 112 to peer 0x5634c7bf2610 (12 bytes)
1688759315.861426 sending message 112 to peer 0x5634c7bf2610 (12 bytes)
1688759315.861429 sending message 112 to peer 0x5634c7bf2610 (12 bytes)
1688759315.861432 sending message 112 to peer 0x5634c7bf2610 (8 bytes)
1688759315.861435 sending message 112 to peer 0x5634c7bf2610 (12 bytes)
1688759315.861437 sending message 112 to peer 0x5634c7bf2610 (13 bytes)
1688759315.861443 sending message 112 to peer 0x5634c7bf2610 (13 bytes)
1688759315.861446 sending message 112 to peer 0x5634c7bf2610 (13 bytes)
1688759315.861449 sending message 112 to peer 0x5634c7bf2610 (13 bytes)
1688759315.861452 sending message 112 to peer 0x5634c7bf2610 (13 bytes)
1688759315.861455 sending message 112 to peer 0x5634c7bf2610 (13 bytes)
1688759315.861457 sending message 112 to peer 0x5634c7bf2610 (13 bytes)
1688759315.861460 sending message 112 to peer 0x5634c7bf2610 (13 bytes)
1688759315.861463 sending message 112 to peer 0x5634c7bf2610 (12 bytes)
1688759315.861466 sending message 112 to peer 0x5634c7bf2610 (10 bytes)
1688759315.861469 sending message 112 to peer 0x5634c7bf2610 (12 bytes)
1688759315.861471 sending message 112 to peer 0x5634c7bf2610 (12 bytes)
1688759315.861474 sending message 112 to peer 0x5634c7bf2610 (12 bytes)
1688759315.861477 sending message 112 to peer 0x5634c7bf2610 (13 bytes)
1688759315.861480 sending message 112 to peer 0x5634c7bf2610 (13 bytes)
1688759315.861483 sending message 112 to peer 0x5634c7bf2610 (13 bytes)
1688759315.861486 sending message 112 to peer 0x5634c7bf2610 (13 bytes)
1688759315.861488 sending message 112 to peer 0x5634c7bf2610 (13 bytes)
1688759315.861491 sending message 112 to peer 0x5634c7bf2610 (13 bytes)
1688759315.861494 sending message 112 to peer 0x5634c7bf2610 (13 bytes)
1688759315.861497 sending message 112 to peer 0x5634c7bf2610 (10 bytes)
1688759315.861500 sending message 112 to peer 0x5634c7bf2610 (13 bytes)
1688759315.861502 sending message 112 to peer 0x5634c7bf2610 (12 bytes)
1688759315.861505 sending message 112 to peer 0x5634c7bf2610 (12 bytes)
1688759315.861508 sending message 112 to peer 0x5634c7bf2610 (12 bytes)
1688759315.861511 sending message 112 to peer 0x5634c7bf2610 (10 bytes)
1688759315.861514 sending message 112 to peer 0x5634c7bf2610 (10 bytes)
1688759315.861517 sending message 112 to peer 0x5634c7bf2610 (10 bytes)
1688759315.861519 sending message 112 to peer 0x5634c7bf2610 (12 bytes)
1688759315.861522 sending message 112 to peer 0x5634c7bf2610 (13 bytes)
1688759315.861525 sending message 112 to peer 0x5634c7bf2610 (13 bytes)
1688759315.861528 sending message 112 to peer 0x5634c7bf2610 (13 bytes)
1688759315.861531 sending message 112 to peer 0x5634c7bf2610 (13 bytes)
1688759315.861534 sending message 112 to peer 0x5634c7bf2610 (13 bytes)
1688759315.861536 sending message 112 to peer 0x5634c7bf2610 (11 bytes)
1688759315.861539 sending message 112 to peer 0x5634c7bf2610 (11 bytes)
1688759315.861542 sending message 112 to peer 0x5634c7bf2610 (12 bytes)
1688759315.861545 sending message 112 to peer 0x5634c7bf2610 (12 bytes)
1688759315.861548 sending message 112 to peer 0x5634c7bf2610 (12 bytes)
1688759315.861550 sending message 112 to peer 0x5634c7bf2610 (12 bytes)
1688759315.861553 sending message 112 to peer 0x5634c7bf2610 (12 bytes)
1688759315.861557 sending message 112 to peer 0x5634c7bf2610 (11 bytes)
1688759315.861560 sending message 112 to peer 0x5634c7bf2610 (12 bytes)
1688759315.861562 sending message 112 to peer 0x5634c7bf2610 (12 bytes)
1688759315.861565 sending message 112 to peer 0x5634c7bf2610 (13 bytes)
1688759315.861568 sending message 112 to peer 0x5634c7bf2610 (13 bytes)
1688759315.861571 sending message 112 to peer 0x5634c7bf2610 (13 bytes)
1688759315.861574 sending message 112 to peer 0x5634c7bf2610 (13 bytes)
1688759315.861576 sending message 112 to peer 0x5634c7bf2610 (13 bytes)
1688759315.861579 sending message 112 to peer 0x5634c7bf2610 (10 bytes)
1688759315.861582 sending message 112 to peer 0x5634c7bf2610 (9 bytes)
1688759315.861585 sending message 112 to peer 0x5634c7bf2610 (12 bytes)
1688759315.861587 sending message 112 to peer 0x5634c7bf2610 (13 bytes)
1688759315.861590 sending message 112 to peer 0x5634c7bf2610 (13 bytes)
1688759315.861593 sending message 112 to peer 0x5634c7bf2610 (13 bytes)
1688759315.861596 sending message 112 to peer 0x5634c7bf2610 (13 bytes)
1688759315.861599 sending message 112 to peer 0x5634c7bf2610 (13 bytes)
1688759315.861604 sending message 112 to peer 0x5634c7bf2610 (9 bytes)
1688759315.861606 sending message 112 to peer 0x5634c7bf2610 (12 bytes)
1688759315.861610 sending message 112 to peer 0x5634c7bf2610 (13 bytes)
1688759315.861612 sending message 112 to peer 0x5634c7bf2610 (13 bytes)
1688759315.861615 sending message 112 to peer 0x5634c7bf2610 (13 bytes)
1688759315.861618 sending message 112 to peer 0x5634c7bf2610 (13 bytes)
1688759315.861621 sending message 112 to peer 0x5634c7bf2610 (13 bytes)
1688759315.861623 sending message 112 to peer 0x5634c7bf2610 (11 bytes)
1688759315.861626 sending message 112 to peer 0x5634c7bf2610 (12 bytes)
1688759315.861629 sending message 112 to peer 0x5634c7bf2610 (13 bytes)
1688759315.861631 sending message 112 to peer 0x5634c7bf2610 (13 bytes)
1688759315.861634 sending message 112 to peer 0x5634c7bf2610 (13 bytes)
1688759315.861639 sending message 112 to peer 0x5634c7bf2610 (13 bytes)
1688759315.861642 sending message 112 to peer 0x5634c7bf2610 (13 bytes)
1688759315.861644 sending message 112 to peer 0x5634c7bf2610 (11 bytes)
1688759315.861647 sending message 112 to peer 0x5634c7bf2610 (12 bytes)
1688759315.861649 sending message 112 to peer 0x5634c7bf2610 (12 bytes)
1688759315.861652 sending message 112 to peer 0x5634c7bf2610 (12 bytes)
1688759315.861655 sending message 112 to peer 0x5634c7bf2610 (12 bytes)
1688759315.861657 sending message 112 to peer 0x5634c7bf2610 (12 bytes)
1688759315.861660 sending message 112 to peer 0x5634c7bf2610 (21 bytes)
1688759315.861663 sending message 112 to peer 0x5634c7bf2610 (12 bytes)
1688759315.861666 sending message 112 to peer 0x5634c7bf2610 (9 bytes)
1688759315.861668 sending message 112 to peer 0x5634c7bf2610 (6 bytes)
1688759315.861671 sending message 112 to peer 0x5634c7bf2610 (8 bytes)
1688759315.861674 sending message 112 to peer 0x5634c7bf2610 (15 bytes)
1688759315.861676 sending message 112 to peer 0x5634c7bf2610 (13 bytes)
1688759315.861679 sending message 112 to peer 0x5634c7bf2610 (9 bytes)
1688759315.861684 sending message 112 to peer 0x5634c7bf2610 (70 bytes)
1688759315.861686 sending message 112 to peer 0x5634c7bf2610 (69 bytes)
1688759315.861689 sending message 112 to peer 0x5634c7bf2610 (10 bytes)
1688759315.861692 sending message 112 to peer 0x5634c7bf2610 (10 bytes)
1688759315.861695 sending message 112 to peer 0x5634c7bf2610 (8 bytes)
1688759315.861698 sending message 112 to peer 0x5634c7bf2610 (15 bytes)
1688759315.861700 sending message 112 to peer 0x5634c7bf2610 (13 bytes)
1688759315.861703 sending message 112 to peer 0x5634c7bf2610 (10 bytes)
1688759315.861706 sending message 112 to peer 0x5634c7bf2610 (10 bytes)
1688759315.861709 sending message 112 to peer 0x5634c7bf2610 (17 bytes)
1688759315.861711 sending message 112 to peer 0x5634c7bf2610 (10 bytes)
1688759315.861714 sending message 112 to peer 0x5634c7bf2610 (13 bytes)
1688759315.861717 sending message 112 to peer 0x5634c7bf2610 (9 bytes)
1688759315.861719 sending message 112 to peer 0x5634c7bf2610 (5 bytes)
1688759315.861722 sending message 112 to peer 0x5634c7bf2610 (15 bytes)
1688759315.861726 sending message 104 to peer 0x5634c7bf2610 (0 bytes)
1688759315.861731 sending message 110 to peer 0x5634c7bf2610 (0 bytes)
1688759315.861734 sending message 107 to peer 0x5634c7bf2610 (4 bytes)
1688759315.861737 sending message 105 to peer 0x5634c7bf2610 (11 bytes)
1688759315.861740 sending message 105 to peer 0x5634c7bf2610 (12 bytes)
1688759315.861742 sending message 105 to peer 0x5634c7bf2610 (18 bytes)
1688759315.861745 sending message 105 to peer 0x5634c7bf2610 (16 bytes)
1688759315.861748 sending message 105 to peer 0x5634c7bf2610 (13 bytes)
1688759315.861750 sending message 105 to peer 0x5634c7bf2610 (8 bytes)
1688759315.861753 sending message 105 to peer 0x5634c7bf2610 (15 bytes)
1688759315.861756 sending message 105 to peer 0x5634c7bf2610 (32 bytes)
1688759315.861775 sending message 105 to peer 0x5634c7bf2610 (1519 bytes)
1688759315.861797 sending message 105 to peer 0x5634c7bf2610 (21 bytes)
1688759315.861803 sending message 105 to peer 0x5634c7bf2610 (52 bytes)
1688759315.861807 sending message 105 to peer 0x5634c7bf2610 (16 bytes)
1688759315.861812 sending message 105 to peer 0x5634c7bf2610 (26 bytes)
1688759315.861815 sending message 105 to peer 0x5634c7bf2610 (61 bytes)
1688759315.861819 sending message 105 to peer 0x5634c7bf2610 (33 bytes)
1688759315.861822 sending message 105 to peer 0x5634c7bf2610 (12 bytes)
1688759315.861825 sending message 105 to peer 0x5634c7bf2610 (11 bytes)
1688759315.861828 sending message 105 to peer 0x5634c7bf2610 (768 bytes)
1688759315.861832 sending message 105 to peer 0x5634c7bf2610 (40 bytes)
1688759315.861835 sending message 105 to peer 0x5634c7bf2610 (30 bytes)
1688759315.861838 sending message 105 to peer 0x5634c7bf2610 (19 bytes)
1688759315.861841 sending message 105 to peer 0x5634c7bf2610 (8 bytes)
1688759315.861844 sending message 105 to peer 0x5634c7bf2610 (19 bytes)
1688759315.861847 sending message 105 to peer 0x5634c7bf2610 (18 bytes)
1688759315.861850 sending message 105 to peer 0x5634c7bf2610 (26 bytes)
1688759315.861853 sending message 105 to peer 0x5634c7bf2610 (34 bytes)
1688759315.861856 sending message 105 to peer 0x5634c7bf2610 (13 bytes)
1688759315.861859 sending message 105 to peer 0x5634c7bf2610 (53 bytes)
1688759315.861862 sending message 105 to peer 0x5634c7bf2610 (12 bytes)
1688759315.861865 sending message 105 to peer 0x5634c7bf2610 (26 bytes)
1688759315.861868 sending message 105 to peer 0x5634c7bf2610 (24 bytes)
1688759315.861871 sending message 105 to peer 0x5634c7bf2610 (33 bytes)
1688759315.861874 sending message 105 to peer 0x5634c7bf2610 (23 bytes)
1688759315.861877 sending message 105 to peer 0x5634c7bf2610 (31 bytes)
1688759315.861880 sending message 105 to peer 0x5634c7bf2610 (53 bytes)
1688759315.861883 sending message 105 to peer 0x5634c7bf2610 (48 bytes)
1688759315.861886 sending message 105 to peer 0x5634c7bf2610 (38 bytes)
1688759315.861889 sending message 105 to peer 0x5634c7bf2610 (28 bytes)
1688759315.861892 sending message 105 to peer 0x5634c7bf2610 (16 bytes)
1688759315.861895 sending message 105 to peer 0x5634c7bf2610 (24 bytes)
1688759315.861898 sending message 105 to peer 0x5634c7bf2610 (20 bytes)
1688759315.861900 sending message 105 to peer 0x5634c7bf2610 (17 bytes)
1688759315.861903 sending message 105 to peer 0x5634c7bf2610 (10 bytes)
1688759315.861906 sending message 106 to peer 0x5634c7bf2610 (0 bytes)
1688759315.861912 sending message 200 to peer 0x5634c7bf2610 (4 bytes)
1688759315.861916 client loop enter
1688759315.862489 peer 0x5634c7bf2610 message 303
1688759315.862495 open write file 2 -
1688759315.862503 sending message 305 to peer 0x5634c7bf2610 (8 bytes)
1688759315.862532 write check file 2
1688759315.862615 peer 0x5634c7bf2610 message 304
1688759315.862619 write 58 to file 2
1688759315.862623 peer 0x5634c7bf2610 message 203
1688759315.862627 file 2 58 bytes left
1688759315.862653 write check file 2
1688759315.862658 client loop exit
